<?xml version="1.0" encoding="UTF-8"?>
<!-- Generated by org.testng.reporters.JUnitReportReporter -->
<testsuite skipped="0" hostname="SERBIUS" name="testRunner.Runner" tests="1" failures="0" timestamp="2020-07-27T17:12:55 IST" time="127.063" errors="0">
  <testcase name="runScenario" time="127.063" classname="testRunner.Runner"/>
  <system-out/>
</testsuite> <!-- testRunner.Runner -->
